{"ts": 1766623523.47089, "event": "login", "username": "seder2", "success": false, "reason": "bad_password"}
{"ts": 1766623537.126991, "event": "login", "username": "seder2", "success": false, "reason": "bad_password"}
{"ts": 1766623553.240107, "event": "login", "username": "seder2", "success": false, "reason": "bad_password"}
{"ts": 1766623560.328463, "event": "login", "username": "seder2", "success": false, "reason": "bad_password"}
{"ts": 1766623567.7675679, "event": "login", "username": "seder2", "success": false, "reason": "bad_password"}
{"ts": 1766623573.4195268, "event": "login", "username": "seder2", "success": false, "reason": "locked"}
{"ts": 1766623637.992117, "event": "password_reset", "username": "seder2", "success": false, "reason": "bad_admin_key"}
{"ts": 1766623673.030608, "event": "password_reset", "username": "seder2", "success": false, "reason": "bad_admin_key"}
{"ts": 1766623718.844501, "event": "password_reset", "username": "seder2", "success": false, "reason": "bad_admin_key"}
{"ts": 1766623877.591455, "event": "login", "username": "seder2", "success": false, "reason": "bad_password"}
{"ts": 1766623924.2743812, "event": "login", "username": "seder2", "success": false, "reason": "bad_password"}
{"ts": 1766623938.135602, "event": "login", "username": "seder2", "success": false, "reason": "bad_password"}
{"ts": 1766623984.122449, "event": "password_reset", "username": "seder2", "success": false, "reason": "bad_admin_key"}
{"ts": 1766624083.395326, "event": "password_reset", "username": "seder2", "success": true, "reason": "ok"}
{"ts": 1766624096.146147, "event": "login", "username": "seder2", "success": true, "reason": "ok"}
{"ts": 1766632217.509098, "event": "login", "username": "seder2", "success": true, "reason": "ok"}
{"ts": 1766632237.190138, "event": "login", "username": "tfields2", "success": true, "reason": "ok"}
{"ts": 1766632299.568502, "event": "password_reset", "username": "4", "success": false, "reason": "not_found"}
{"ts": 1766632438.7088928, "event": "delete_user", "username": "tfields2", "success": true, "reason": "ok"}
{"ts": 1766632466.064714, "event": "delete_user", "username": "seder2", "success": true, "reason": "ok"}
{"ts": 1766632606.3065238, "event": "create_account", "username": "tfields", "success": true, "reason": "ok"}
{"ts": 1766632613.097046, "event": "login", "username": "tfields", "success": false, "reason": "bad_password"}
{"ts": 1766632617.134685, "event": "login", "username": "tfields", "success": false, "reason": "bad_password"}
{"ts": 1766632618.889347, "event": "login", "username": "tfields", "success": false, "reason": "bad_password"}
{"ts": 1766632620.5441122, "event": "login", "username": "tfields", "success": false, "reason": "bad_password"}
{"ts": 1766632621.9711502, "event": "login", "username": "tfields", "success": false, "reason": "bad_password"}
{"ts": 1766632636.869387, "event": "login", "username": "tfields", "success": false, "reason": "locked"}
{"ts": 1766632677.282027, "event": "password_reset", "username": "tfields", "success": true, "reason": "ok"}
{"ts": 1766632688.4295092, "event": "login", "username": "tfields", "success": true, "reason": "ok"}
{"ts": 1766632695.70736, "event": "login", "username": "seder2", "success": false, "reason": "unknown_user_or_bad_record"}
{"ts": 1766632711.211675, "event": "login", "username": "tfields", "success": false, "reason": "bad_password"}
{"ts": 1766632753.806189, "event": "login", "username": "tfields", "success": true, "reason": "ok"}
{"ts": 1766712917.9635992, "event": "create_account", "username": "johndoe23", "success": true, "reason": "ok"}
{"ts": 1766712932.8898518, "event": "login", "username": "johndoe23", "success": true, "reason": "ok"}
{"ts": 1766712964.753296, "event": "create_account", "username": "janedoe24", "success": true, "reason": "ok"}
{"ts": 1766712975.948262, "event": "login", "username": "janedoe24", "success": true, "reason": "ok"}
{"ts": 1766713002.359263, "event": "delete_user", "username": "tfields2", "success": false, "reason": "not_found"}
{"ts": 1766713027.345679, "event": "delete_user", "username": "tfields", "success": true, "reason": "ok"}
